<?xml version="1.0" encoding="UTF-8"?>
<testsuite name="Cucumber" time="557.943" tests="15" skipped="0" failures="2" errors="0">
<testcase classname="Test Automation Functionality" name="user could Create new account with valid data (Positive scenario)" time="41.243">
<system-out><![CDATA[
Given user navigate to home page............................................passed
And user click on signup button.............................................passed
And user enter valid last name and first name...............................passed
And user enter valid number.................................................passed
And user enter valid email..................................................passed
And user enter valid password and confirm password..........................passed
Then new account is created successfully....................................passed
]]></system-out>
</testcase>
<testcase classname="Test Automation Functionality" name="user could Create new account with invalid data (first name is an empty) (Negative scenario)" time="43.775">
<system-out><![CDATA[
Given User navigate to home page............................................passed
And User click on signup button.............................................passed
And user enter valid last name an empty first name..........................passed
And User enter valid number.................................................passed
And User enter valid email..................................................passed
And User enter valid password and confirm password..........................passed
Then New account is created successfully....................................passed
]]></system-out>
</testcase>
<testcase classname="Test Automation Functionality" name="User could Create new account with invalid data (first name with one character) (Negative scenario)" time="28.448">
<system-out><![CDATA[
Given User Navigate to home page............................................passed
And User Click on signup button.............................................passed
And user enter valid last name with one character first name................passed
And User Enter valid number.................................................passed
And User Enter valid email..................................................passed
And User Enter valid password and confirm password..........................passed
Then New Account is created successfully....................................passed
]]></system-out>
</testcase>
<testcase classname="Test Automation Functionality" name="User could Create new account with invalid data (Invalid phone number ) (Negative scenario)" time="36.213">
<system-out><![CDATA[
Given StepA User Navigate to home page......................................passed
And StepB User Click on signup button.......................................passed
And StepC user enter valid last name first name.............................passed
And StepE User Enter phone number missing number............................passed
And StepF User Enter valid email............................................passed
And StepG User Enter valid password and confirm password....................passed
Then StepH New Account is created successfully..............................passed
]]></system-out>
</testcase>
<testcase classname="Test Automation Functionality" name="User could Create new account with invalid data (Empty phone number ) (Negative scenario)" time="67.496">
<system-out><![CDATA[
Given stepA User Navigate to home page......................................passed
And stepB User Click on signup button.......................................passed
And stepC user enter valid last name first name.............................passed
And stepE User Enter number an empty........................................passed
And stepF User Enter valid email............................................passed
And stepG User Enter valid password and confirm password....................passed
Then stepH New Account is created successfully..............................passed
]]></system-out>
</testcase>
<testcase classname="Test Automation Functionality" name="User could Create new account with invalid data (Invalid phone number format) (Negative scenario)" time="35.53">
<system-out><![CDATA[
Given step[A] User Navigate to home page....................................passed
And step[B] User Click on signup button.....................................passed
And step[C] user enter valid last name first name...........................passed
And stepE User Enter invalid number format..................................passed
And step[F] User Enter valid email..........................................passed
And step[G] User Enter valid password and confirm password..................passed
Then step[H] New Account is created successfully............................passed
]]></system-out>
</testcase>
<testcase classname="Test Automation Functionality" name="User could Create new account with invalid data (Password and confirm password is an empty) (Negative scenario)" time="38.222">
<system-out><![CDATA[
Given Step[A] User Navigate to home page....................................passed
And Step[B] User Click on signup button.....................................passed
And Step[C] user enter valid last name first name...........................passed
And Step[E] User Enter valid number.........................................passed
And Step[F] User Enter valid email..........................................passed
And step[G] User Enter password and confirm password is an empty............passed
Then Step[H] New Account is created successfully............................passed
]]></system-out>
</testcase>
<testcase classname="Test Automation Functionality" name="User could Create new account with invalid data (Password is invalid format) (Negative scenario)" time="31.79">
<system-out><![CDATA[
Given STep[A] User Navigate to home page....................................passed
And STep[B] User Click on signup button.....................................passed
And STep[C] user enter valid last name first name...........................passed
And STep[E] User Enter valid number.........................................passed
And STep[F] User Enter valid email..........................................passed
And step[G] User Enter invalid password format and valid confirm password...passed
Then STep[H] New Account is created successfully............................passed
]]></system-out>
</testcase>
<testcase classname="Test Automation Functionality" name="User could Create new account with invalid data (Confirm Password is invalid format) (Negative scenario)" time="30.451">
<system-out><![CDATA[
Given STEp[A] User Navigate to home page....................................passed
And STEp[B] User Click on signup button.....................................passed
And STEp[C] user enter valid last name first name...........................passed
And STEp[E] User Enter valid number.........................................passed
And STEp[F] User Enter valid email..........................................passed
And step[G] User Enter valid password format and invalid confirm password format.passed
Then STEp[H] New Account is created successfully............................passed
]]></system-out>
</testcase>
<testcase classname="Test Automation Functionality" name="user could Create new account with invalid data (Keep phone number is an empty) (Negative scenario)" time="29.754">
<system-out><![CDATA[
Given User Navigate To home page............................................passed
And user click on login Btn.................................................passed
And user keep phone number is an empty......................................passed
And user enter valid password...............................................passed
Then login is successfully..................................................passed
]]></system-out>
</testcase>
<testcase classname="Test Automation Functionality" name="user could Create new account with invalid data (phone number invalid format) (Negative scenario)" time="41.023">
<system-out><![CDATA[
Given User Navigate To Home page............................................passed
And User click on login Btn.................................................passed
And user enter invalid phone number format..................................passed
And User enter valid password...............................................passed
Then Login is successfully..................................................passed
]]></system-out>
</testcase>
<testcase classname="Test Automation Functionality" name="user could Create new account with invalid data (phone number Not registered) (Negative scenario)" time="31.223">
<system-out><![CDATA[
Given User[A] Navigate To Home page.........................................passed
And User[B] click on login Btn..............................................passed
And user[C] enter phone number not registered...............................passed
And User[D] enter valid password............................................passed
Then Login[E] is successfully...............................................passed
]]></system-out>
</testcase>
<testcase classname="Test Automation Functionality" name="user could Create new account with invalid data (password is an empty) (Negative scenario)" time="31.091">
<system-out><![CDATA[
Given User[A] Navigate To Home Page.........................................passed
And User[B] Click on login Btn..............................................passed
And user[C] enter valid phone number........................................passed
And User[D] enter password is an empty......................................passed
Then login[E] is Successfully...............................................passed
]]></system-out>
</testcase>
<testcase classname="Test Automation Functionality" name="user could Create new account with invalid data (password without one num) (Negative scenario)" time="37.909">
<failure type="org.openqa.selenium.NoSuchElementException" message="no such element: Unable to locate element: {&quot;method&quot;:&quot;css selector&quot;,&quot;selector&quot;:&quot;div[class=&quot;alert alert-danger&quot;]&quot;}
  (Session info: chrome=112.0.5615.138)
For documentation on this error, please visit: https://selenium.dev/exceptions/#no_such_element
Build info: version: '4.8.3', revision: 'e5e76298c3'
System info: os.name: 'Windows 10', os.arch: 'amd64', os.version: '10.0', java.version: '19.0.2'
Driver info: org.openqa.selenium.chrome.ChromeDriver
Command: [c29b1a54a1f799eddebc862b2d032e2d, findElement {using=css selector, value=div[class=&quot;alert alert-danger&quot;]}]
Capabilities {acceptInsecureCerts: false, browserName: chrome, browserVersion: 112.0.5615.138, chrome: {chromedriverVersion: 112.0.5615.49 (bd2a7bcb881c..., userDataDir: C:\Users\FABRIC~1\AppData\L...}, goog:chromeOptions: {debuggerAddress: localhost:49780}, networkConnectionEnabled: false, pageLoadStrategy: normal, platformName: WINDOWS, proxy: Proxy(), se:cdp: ws://localhost:49780/devtoo..., se:cdpVersion: 112.0.5615.138, setWindowRect: true, strictFileInteractability: false, timeouts: {implicit: 0, pageLoad: 300000, script: 30000}, unhandledPromptBehavior: dismiss and notify, webauthn:extension:credBlob: true, webauthn:extension:largeBlob: true, webauthn:extension:minPinLength: true, webauthn:extension:prf: true, webauthn:virtualAuthenticators: true}
Session ID: c29b1a54a1f799eddebc862b2d032e2d">
<![CDATA[org.openqa.selenium.NoSuchElementException: no such element: Unable to locate element: {"method":"css selector","selector":"div[class="alert alert-danger"]"}
  (Session info: chrome=112.0.5615.138)
For documentation on this error, please visit: https://selenium.dev/exceptions/#no_such_element
Build info: version: '4.8.3', revision: 'e5e76298c3'
System info: os.name: 'Windows 10', os.arch: 'amd64', os.version: '10.0', java.version: '19.0.2'
Driver info: org.openqa.selenium.chrome.ChromeDriver
Command: [c29b1a54a1f799eddebc862b2d032e2d, findElement {using=css selector, value=div[class="alert alert-danger"]}]
Capabilities {acceptInsecureCerts: false, browserName: chrome, browserVersion: 112.0.5615.138, chrome: {chromedriverVersion: 112.0.5615.49 (bd2a7bcb881c..., userDataDir: C:\Users\FABRIC~1\AppData\L...}, goog:chromeOptions: {debuggerAddress: localhost:49780}, networkConnectionEnabled: false, pageLoadStrategy: normal, platformName: WINDOWS, proxy: Proxy(), se:cdp: ws://localhost:49780/devtoo..., se:cdpVersion: 112.0.5615.138, setWindowRect: true, strictFileInteractability: false, timeouts: {implicit: 0, pageLoad: 300000, script: 30000}, unhandledPromptBehavior: dismiss and notify, webauthn:extension:credBlob: true, webauthn:extension:largeBlob: true, webauthn:extension:minPinLength: true, webauthn:extension:prf: true, webauthn:virtualAuthenticators: true}
Session ID: c29b1a54a1f799eddebc862b2d032e2d
	at java.base/jdk.internal.reflect.DirectConstructorHandleAccessor.newInstance(DirectConstructorHandleAccessor.java:67)
	at java.base/java.lang.reflect.Constructor.newInstanceWithCaller(Constructor.java:500)
	at java.base/java.lang.reflect.Constructor.newInstance(Constructor.java:484)
	at org.openqa.selenium.remote.codec.w3c.W3CHttpResponseCodec.createException(W3CHttpResponseCodec.java:200)
	at org.openqa.selenium.remote.codec.w3c.W3CHttpResponseCodec.decode(W3CHttpResponseCodec.java:133)
	at org.openqa.selenium.remote.codec.w3c.W3CHttpResponseCodec.decode(W3CHttpResponseCodec.java:53)
	at org.openqa.selenium.remote.HttpCommandExecutor.execute(HttpCommandExecutor.java:193)
	at org.openqa.selenium.remote.service.DriverCommandExecutor.invokeExecute(DriverCommandExecutor.java:183)
	at org.openqa.selenium.remote.service.DriverCommandExecutor.execute(DriverCommandExecutor.java:158)
	at org.openqa.selenium.remote.RemoteWebDriver.execute(RemoteWebDriver.java:543)
	at org.openqa.selenium.remote.ElementLocation$ElementFinder$2.findElement(ElementLocation.java:162)
	at org.openqa.selenium.remote.ElementLocation.findElement(ElementLocation.java:60)
	at org.openqa.selenium.remote.RemoteWebDriver.findElement(RemoteWebDriver.java:352)
	at org.openqa.selenium.remote.RemoteWebDriver.findElement(RemoteWebDriver.java:344)
	at org.example.StepDefs.Login.Step24(Login.java:230)
	at ✽.LOgin[E] is Successfully(file:///C:/Users/Fabrica%20Dev/IdeaProjects/HostN_Project/src/main/resources/features/F02_Login.feature:37)
]]>
</failure>
<system-out><![CDATA[
Given USer[A] Navigate To Home Page.........................................passed
And USer[B] Click on login Btn..............................................passed
And User[C] enter valid phone number........................................passed
And User[D] enter password without one num..................................passed
Then LOgin[E] is Successfully...............................................failed
]]></system-out>
</testcase>
<testcase classname="Test Automation Functionality" name="user could Create new account with valid data (Positive scenario)" time="33.35">
<failure type="java.lang.AssertionError" message="The following asserts failed:
	actual result : https://dev-api.host-n.com/  expected result : https://dev-api.host-n.com/login expected [true] but found [false]">
<![CDATA[java.lang.AssertionError: The following asserts failed:
	actual result : https://dev-api.host-n.com/  expected result : https://dev-api.host-n.com/login expected [true] but found [false]
	at org.testng.asserts.SoftAssert.assertAll(SoftAssert.java:46)
	at org.testng.asserts.SoftAssert.assertAll(SoftAssert.java:30)
	at org.example.StepDefs.Login.Step29(Login.java:283)
	at ✽.LOGIN[E] Is Successfully(file:///C:/Users/Fabrica%20Dev/IdeaProjects/HostN_Project/src/main/resources/features/F02_Login.feature:44)
]]>
</failure>
<system-out><![CDATA[
Given USER[A] Navigate To Home Page.........................................passed
And USER[B] Click on login Btn..............................................passed
And USER[C] enter valid phone number........................................passed
And USER[D] enter valid password............................................passed
Then LOGIN[E] Is Successfully...............................................failed
]]></system-out>
</testcase>
</testsuite>
