<?xml version="1.0" encoding="UTF-8"?>
<!-- Generated by org.testng.reporters.JUnitReportReporter -->
<testsuite hostname="DESKTOP-HAP4JH6" failures="1" tests="15" name="org.example.TestRunner.Runners" time="557.796" errors="1" timestamp="2023-05-02T15:09:12 EET" skipped="0">
  <testcase classname="org.example.TestRunner.Runners" name="runScenario" time="36.226"/>
  <system-out/>
  <testcase classname="org.example.TestRunner.Runners" name="runScenario" time="29.760"/>
  <system-out/>
  <testcase classname="org.example.TestRunner.Runners" name="runScenario" time="35.550"/>
  <system-out/>
  <testcase classname="org.example.TestRunner.Runners" name="runScenario" time="37.920">
    <error message="no such element: Unable to locate element: {&quot;method&quot;:&quot;css selector&quot;,&quot;selector&quot;:&quot;div[class=&quot;alert alert-danger&quot;]&quot;}
  (Session info: chrome=112.0.5615.138)
For documentation on this error, please visit: https://selenium.dev/exceptions/#no_such_element
Build info: version: &#039;4.8.3&#039;, revision: &#039;e5e76298c3&#039;
System info: os.name: &#039;Windows 10&#039;, os.arch: &#039;amd64&#039;, os.version: &#039;10.0&#039;, java.version: &#039;19.0.2&#039;
Driver info: org.openqa.selenium.chrome.ChromeDriver
Command: [c29b1a54a1f799eddebc862b2d032e2d, findElement {using=css selector, value=div[class=&quot;alert alert-danger&quot;]}]
Capabilities {acceptInsecureCerts: false, browserName: chrome, browserVersion: 112.0.5615.138, chrome: {chromedriverVersion: 112.0.5615.49 (bd2a7bcb881c..., userDataDir: C:\Users\FABRIC~1\AppData\L...}, goog:chromeOptions: {debuggerAddress: localhost:49780}, networkConnectionEnabled: false, pageLoadStrategy: normal, platformName: WINDOWS, proxy: Proxy(), se:cdp: ws://localhost:49780/devtoo..., se:cdpVersion: 112.0.5615.138, setWindowRect: true, strictFileInteractability: false, timeouts: {implicit: 0, pageLoad: 300000, script: 30000}, unhandledPromptBehavior: dismiss and notify, webauthn:extension:credBlob: true, webauthn:extension:largeBlob: true, webauthn:extension:minPinLength: true, webauthn:extension:prf: true, webauthn:virtualAuthenticators: true}
Session ID: c29b1a54a1f799eddebc862b2d032e2d" type="org.openqa.selenium.NoSuchElementException">
      <![CDATA[org.openqa.selenium.NoSuchElementException: no such element: Unable to locate element: {"method":"css selector","selector":"div[class="alert alert-danger"]"}
  (Session info: chrome=112.0.5615.138)
For documentation on this error, please visit: https://selenium.dev/exceptions/#no_such_element
Build info: version: '4.8.3', revision: 'e5e76298c3'
System info: os.name: 'Windows 10', os.arch: 'amd64', os.version: '10.0', java.version: '19.0.2'
Driver info: org.openqa.selenium.chrome.ChromeDriver
Command: [c29b1a54a1f799eddebc862b2d032e2d, findElement {using=css selector, value=div[class="alert alert-danger"]}]
Capabilities {acceptInsecureCerts: false, browserName: chrome, browserVersion: 112.0.5615.138, chrome: {chromedriverVersion: 112.0.5615.49 (bd2a7bcb881c..., userDataDir: C:\Users\FABRIC~1\AppData\L...}, goog:chromeOptions: {debuggerAddress: localhost:49780}, networkConnectionEnabled: false, pageLoadStrategy: normal, platformName: WINDOWS, proxy: Proxy(), se:cdp: ws://localhost:49780/devtoo..., se:cdpVersion: 112.0.5615.138, setWindowRect: true, strictFileInteractability: false, timeouts: {implicit: 0, pageLoad: 300000, script: 30000}, unhandledPromptBehavior: dismiss and notify, webauthn:extension:credBlob: true, webauthn:extension:largeBlob: true, webauthn:extension:minPinLength: true, webauthn:extension:prf: true, webauthn:virtualAuthenticators: true}
Session ID: c29b1a54a1f799eddebc862b2d032e2d
at java.base/jdk.internal.reflect.DirectConstructorHandleAccessor.newInstance(DirectConstructorHandleAccessor.java:67)
at java.base/java.lang.reflect.Constructor.newInstanceWithCaller(Constructor.java:500)
at java.base/java.lang.reflect.Constructor.newInstance(Constructor.java:484)
at org.openqa.selenium.remote.codec.w3c.W3CHttpResponseCodec.createException(W3CHttpResponseCodec.java:200)
at org.openqa.selenium.remote.codec.w3c.W3CHttpResponseCodec.decode(W3CHttpResponseCodec.java:133)
at org.openqa.selenium.remote.codec.w3c.W3CHttpResponseCodec.decode(W3CHttpResponseCodec.java:53)
at org.openqa.selenium.remote.HttpCommandExecutor.execute(HttpCommandExecutor.java:193)
at org.openqa.selenium.remote.service.DriverCommandExecutor.invokeExecute(DriverCommandExecutor.java:183)
at org.openqa.selenium.remote.service.DriverCommandExecutor.execute(DriverCommandExecutor.java:158)
at org.openqa.selenium.remote.RemoteWebDriver.execute(RemoteWebDriver.java:543)
at org.openqa.selenium.remote.ElementLocation$ElementFinder$2.findElement(ElementLocation.java:162)
at org.openqa.selenium.remote.ElementLocation.findElement(ElementLocation.java:60)
at org.openqa.selenium.remote.RemoteWebDriver.findElement(RemoteWebDriver.java:352)
at org.openqa.selenium.remote.RemoteWebDriver.findElement(RemoteWebDriver.java:344)
at org.example.StepDefs.Login.Step24(Login.java:230)
at ✽.LOgin[E] is Successfully(file:///C:/Users/Fabrica%20Dev/IdeaProjects/HostN_Project/src/main/resources/features/F02_Login.feature:37)
]]>
    </error>
  </testcase> <!-- runScenario -->
  <system-out/>
  <testcase classname="org.example.TestRunner.Runners" name="runScenario" time="43.792"/>
  <system-out/>
  <testcase classname="org.example.TestRunner.Runners" name="runScenario" time="30.458"/>
  <system-out/>
  <testcase classname="org.example.TestRunner.Runners" name="runScenario" time="31.803"/>
  <system-out/>
  <testcase classname="org.example.TestRunner.Runners" name="runScenario" time="28.472"/>
  <system-out/>
  <testcase classname="org.example.TestRunner.Runners" name="runScenario" time="41.029"/>
  <system-out/>
  <testcase classname="org.example.TestRunner.Runners" name="runScenario" time="67.508"/>
  <system-out/>
  <testcase classname="org.example.TestRunner.Runners" name="runScenario" time="38.235"/>
  <system-out/>
  <testcase classname="org.example.TestRunner.Runners" name="runScenario" time="33.357">
    <failure message="The following asserts failed:
	actual result : https://dev-api.host-n.com/  expected result : https://dev-api.host-n.com/login expected [true] but found [false]" type="java.lang.AssertionError">
      <![CDATA[java.lang.AssertionError: The following asserts failed:
actual result : https://dev-api.host-n.com/  expected result : https://dev-api.host-n.com/login expected [true] but found [false]
at org.testng.asserts.SoftAssert.assertAll(SoftAssert.java:46)
at org.testng.asserts.SoftAssert.assertAll(SoftAssert.java:30)
at org.example.StepDefs.Login.Step29(Login.java:283)
at ✽.LOGIN[E] Is Successfully(file:///C:/Users/Fabrica%20Dev/IdeaProjects/HostN_Project/src/main/resources/features/F02_Login.feature:44)
]]>
    </failure>
  </testcase> <!-- runScenario -->
  <system-out/>
  <testcase classname="org.example.TestRunner.Runners" name="runScenario" time="31.230"/>
  <system-out/>
  <testcase classname="org.example.TestRunner.Runners" name="runScenario" time="41.357"/>
  <system-out/>
  <testcase classname="org.example.TestRunner.Runners" name="runScenario" time="31.099"/>
  <system-out/>
</testsuite> <!-- org.example.TestRunner.Runners -->
